<?xml version="1.0" encoding="UTF-8"?>
<!-- Generated by org.testng.reporters.JUnitReportReporter -->
<testsuite hostname="Spark-05" failures="0" tests="1" name="SortByHighestPrice" time="445.526" errors="0" timestamp="16 Aug 2018 13:07:16 GMT" skipped="0">
  <testcase classname="SortByHighestPrice" name="f" time="445.526"/>
</testsuite> <!-- SortByHighestPrice -->
