<?xml version="1.0" encoding="UTF-8"?>
<!-- Generated by org.testng.reporters.JUnitReportReporter -->
<testsuite hostname="Spark-05" failures="0" tests="1" name="ControlSeekBar" time="78.902" errors="0" timestamp="15 Aug 2018 09:07:48 GMT" skipped="0">
  <testcase classname="ControlSeekBar" name="f" time="78.902"/>
</testsuite> <!-- ControlSeekBar -->
