<?xml version="1.0" encoding="UTF-8"?>
<!-- Generated by org.testng.reporters.JUnitReportReporter -->
<testsuite hostname="Spark-05" failures="0" tests="1" name="io.appium.java_client.android.calculator" time="8.011" errors="0" timestamp="25 Jul 2018 07:41:58 GMT" skipped="0">
  <testcase classname="io.appium.java_client.android.calculator" name="testCal" time="8.011"/>
</testsuite> <!-- io.appium.java_client.android.calculator -->
