<?xml version="1.0" encoding="UTF-8"?>
<!-- Generated by org.testng.reporters.JUnitReportReporter -->
<testsuite hostname="Spark-05" failures="0" tests="1" name="com.test.structure.LoginTests" time="370.746" errors="0" timestamp="29 Aug 2018 10:54:12 GMT" skipped="0">
  <testcase classname="com.test.structure.LoginTests" name="testLogin" time="370.746"/>
</testsuite> <!-- com.test.structure.LoginTests -->
