<?xml version="1.0" encoding="UTF-8"?>
<!-- Generated by org.testng.reporters.JUnitReportReporter -->
<testsuite hostname="Spark-05" failures="0" tests="1" name="SortByLowestPrice" time="92.793" errors="0" timestamp="16 Aug 2018 14:42:22 GMT" skipped="0">
  <testcase classname="SortByLowestPrice" name="f" time="92.793"/>
</testsuite> <!-- SortByLowestPrice -->
