<?xml version="1.0" encoding="UTF-8"?>
<!-- Generated by org.testng.reporters.JUnitReportReporter -->
<testsuite hostname="Spark-05" failures="0" tests="1" name="CameraCaptureCheck" time="91.685" errors="0" timestamp="29 Aug 2018 08:11:47 GMT" skipped="0">
  <testcase classname="CameraCaptureCheck" name="f" time="91.685"/>
</testsuite> <!-- CameraCaptureCheck -->
