<?xml version="1.0" encoding="UTF-8"?>
<!-- Generated by org.testng.reporters.JUnitReportReporter -->
<testsuite hostname="Spark-05" failures="0" tests="1" name="WishListFunctionality" time="107.160" errors="0" timestamp="15 Aug 2018 14:49:14 GMT" skipped="0">
  <testcase classname="WishListFunctionality" name="f" time="107.160"/>
</testsuite> <!-- WishListFunctionality -->
