<?xml version="1.0" encoding="UTF-8"?>
<!-- Generated by org.testng.reporters.JUnitReportReporter -->
<testsuite hostname="Spark-05" failures="0" tests="1" name="AddCartFunctionality" time="127.828" errors="0" timestamp="16 Aug 2018 10:43:25 GMT" skipped="0">
  <testcase classname="AddCartFunctionality" name="f" time="127.828"/>
</testsuite> <!-- AddCartFunctionality -->
